Page: 1, Offset: 0, Filter: 
Page: 2, Offset: 5, Filter: 
Page: 3, Offset: 10, Filter: 
Page: 4, Offset: 15, Filter: 
Page: 1, Offset: 0, Filter: 
Page: 2, Offset: 5, Filter: 
Page: 1, Offset: 0, Filter: 
Page: 1, Offset: 0, Filter: 
Page: 2, Offset: 5, Filter: 
Page: 1, Offset: 0, Filter: 
Page: 1, Offset: 0, Filter: 
Page: 1, Offset: 0, Filter: 
Page: 1, Offset: 0, Filter: 
Page: 1, Offset: 0, Filter: 
Page: 1, Offset: 0, Filter: 
Page: 1, Offset: 0, Filter: 
Page: 1, Offset: 0, Filter: 
Page: 1, Offset: 0, Filter: 
Page: 1, Offset: 0, Filter: 
Page: 1, Offset: 0, Filter: 
Page: 1, Offset: 0, Filter: 
Page: 1, Offset: 0, Filter: 
Page: 1, Offset: 0, Filter: 
Page: 1, Offset: 0, Filter: 
Page: 1, Offset: 0, Filter: 
Page: 1, Offset: 0, Filter: 
Page: 1, Offset: 0, Filter: 
Page: 1, Offset: 0, Filter: 
Page: 1, Offset: 0, Filter: 
Page: 1, Offset: 0, Filter: 
Page: 1, Offset: 0, Filter: 
Page: 1, Offset: 0, Filter: 
Page: 2, Offset: 5, Filter: 
Page: 1, Offset: 0, Filter: 
Page: 1, Offset: 0, Filter: 
Page: 1, Offset: 0, Filter: 
Page: 1, Offset: 0, Filter: 
Page: 1, Offset: 0, Filter: 
Page: 1, Offset: 0, Filter: 
Page: 1, Offset: 0, Filter: 
Page: 1, Offset: 0, Filter: 
Page: 1, Offset: 0, Filter: 
Page: 1, Offset: 0, Filter: 
Page: 1, Offset: 0, Filter: 
Page: 1, Offset: 0, Filter: 
Page: 1, Offset: 0, Filter: 
Page: 1, Offset: 0, Filter: 
Page: 1, Offset: 0, Filter: 
Page: 1, Offset: 0, Filter: 
Page: 1, Offset: 0, Filter: 
Page: 1, Offset: 0, Filter: 
Page: 1, Offset: 0, Filter: 
Page: 1, Offset: 0, Filter: 
Page: 1, Offset: 0, Filter: 
Page: 2, Offset: 5, Filter: 
Page: 3, Offset: 10, Filter: 
Page: 4, Offset: 15, Filter: 
Page: 5, Offset: 20, Filter: 
Page: 6, Offset: 25, Filter: 
Page: 7, Offset: 30, Filter: 
Page: 8, Offset: 35, Filter: 
Page: 9, Offset: 40, Filter: 
Page: 10, Offset: 45, Filter: 
Page: 1, Offset: 0, Filter: random_message
Page: 1, Offset: 0, Filter: 
Page: 1, Offset: 0, Filter: 
Page: 1, Offset: 0, Filter: 
Page: 1, Offset: 0, Filter: 
Page: 1, Offset: 0, Filter: 
Page: 1, Offset: 0, Filter: 
Page: 1, Offset: 0, Filter: 
Page: 1, Offset: 0, Filter: 
Page: 1, Offset: 0, Filter: 
Page: 1, Offset: 0, Filter: 
Page: 1, Offset: 0, Filter: 
Page: 1, Offset: 0, Filter: 
Page: 1, Offset: 0, Filter: 
Page: 1, Offset: 0, Filter: 
Page: 1, Offset: 0, Filter: 
Page: 1, Offset: 0, Filter: 
Page: 1, Offset: 0, Filter: 
Page: 1, Offset: 0, Filter: 
Page: 1, Offset: 0, Filter: 
Page: 1, Offset: 0, Filter: 
Page: 1, Offset: 0, Filter: 
Page: 1, Offset: 0, Filter: 
Page: 1, Offset: 0, Filter: 
Page: 1, Offset: 0, Filter: 
Page: 1, Offset: 0, Filter: 
Page: 1, Offset: 0, Filter: 
Page: 1, Offset: 0, Filter: 
Page: 1, Offset: 0, Filter: 
Page: 1, Offset: 0, Filter: 
Page: 1, Offset: 0, Filter: 
Page: 1, Offset: 0, Filter: 
Page: 1, Offset: 0, Filter: 
Page: 1, Offset: 0, Filter: 
Page: 1, Offset: 0, Filter: 
Page: 2, Offset: 5, Filter: 
Page: 1, Offset: 0, Filter: lf_classmates
Page: 1, Offset: 0, Filter: lost_and_found
Page: 1, Offset: 0, Filter: random_message
Page: 1, Offset: 0, Filter: 
Page: 1, Offset: 0, Filter: 
Page: 1, Offset: 0, Filter: 
Page: 1, Offset: 0, Filter: 
Page: 1, Offset: 0, Filter: 
Page: 1, Offset: 0, Filter: 
Page: 1, Offset: 0, Filter: 
Page: 1, Offset: 0, Filter: 
Page: 1, Offset: 0, Filter: 
Page: 1, Offset: 0, Filter: 
Page: 1, Offset: 0, Filter: 
Page: 1, Offset: 0, Filter: 
Page: 1, Offset: 0, Filter: 
Page: 1, Offset: 0, Filter: 
Page: 1, Offset: 0, Filter: 
Page: 1, Offset: 0, Filter: 
Page: 1, Offset: 0, Filter: 
Page: 1, Offset: 0, Filter: 
Page: 1, Offset: 0, Filter: 
Page: 1, Offset: 0, Filter: 
Page: 1, Offset: 0, Filter: 
Page: 1, Offset: 0, Filter: 
Page: 1, Offset: 0, Filter: 
Page: 1, Offset: 0, Filter: 
Page: 1, Offset: 0, Filter: 
Page: 1, Offset: 0, Filter: 
Page: 1, Offset: 0, Filter: 
Page: 1, Offset: 0, Filter: 
Page: 1, Offset: 0, Filter: 
Page: 1, Offset: 0, Filter: 
Page: 1, Offset: 0, Filter: 
Page: 1, Offset: 0, Filter: 
Page: 1, Offset: 0, Filter: 
Page: 1, Offset: 0, Filter: 
Page: 1, Offset: 0, Filter: 
Page: 1, Offset: 0, Filter: 
Page: 1, Offset: 0, Filter: 
Page: 1, Offset: 0, Filter: 
Page: 1, Offset: 0, Filter: 
Page: 1, Offset: 0, Filter: 
Page: 1, Offset: 0, Filter: 
Page: 1, Offset: 0, Filter: 
Page: 1, Offset: 0, Filter: 
Page: 1, Offset: 0, Filter: 
Page: 1, Offset: 0, Filter: 
Page: 1, Offset: 0, Filter: 
Page: 1, Offset: 0, Filter: 
Page: 1, Offset: 0, Filter: 
Page: 1, Offset: 0, Filter: 
Page: 1, Offset: 0, Filter: 
Page: 1, Offset: 0, Filter: 
Page: 1, Offset: 0, Filter: 
Page: 1, Offset: 0, Filter: 
Page: 1, Offset: 0, Filter: 
Page: 1, Offset: 0, Filter: 
Page: 1, Offset: 0, Filter: 
Page: 1, Offset: 0, Filter: 
Page: 1, Offset: 0, Filter: 
Page: 1, Offset: 0, Filter: 
Page: 1, Offset: 0, Filter: 
Page: 2, Offset: 5, Filter: 
Page: 1, Offset: 0, Filter: 
Page: 1, Offset: 0, Filter: 
Page: 1, Offset: 0, Filter: 
Page: 1, Offset: 0, Filter: 
Page: 1, Offset: 0, Filter: 
Page: 1, Offset: 0, Filter: 
Page: 1, Offset: 0, Filter: 
Page: 1, Offset: 0, Filter: 
Page: 1, Offset: 0, Filter: 
Page: 1, Offset: 0, Filter: 
Page: 1, Offset: 0, Filter: 
Page: 1, Offset: 0, Filter: 
Page: 1, Offset: 0, Filter: 
Page: 1, Offset: 0, Filter: 
Page: 1, Offset: 0, Filter: 
Page: 1, Offset: 0, Filter: 
Page: 1, Offset: 0, Filter: 
Page: 1, Offset: 0, Filter: 
Page: 1, Offset: 0, Filter: 
Page: 1, Offset: 0, Filter: 
Page: 1, Offset: 0, Filter: 
Page: 1, Offset: 0, Filter: 
Page: 1, Offset: 0, Filter: 
Page: 1, Offset: 0, Filter: 
Page: 1, Offset: 0, Filter: 
Page: 1, Offset: 0, Filter: 
Page: 1, Offset: 0, Filter: 
Page: 1, Offset: 0, Filter: 
Page: 1, Offset: 0, Filter: 
Page: 1, Offset: 0, Filter: 
Page: 1, Offset: 0, Filter: 
Page: 1, Offset: 0, Filter: 
Page: 2, Offset: 5, Filter: 
Page: 3, Offset: 10, Filter: 
Page: 1, Offset: 0, Filter: 
Page: 2, Offset: 5, Filter: 
Page: 3, Offset: 10, Filter: 
Page: 1, Offset: 0, Filter: random_message
Page: 1, Offset: 0, Filter: rants
Page: 1, Offset: 0, Filter: 
Page: 1, Offset: 0, Filter: 
Page: 1, Offset: 0, Filter: 
Page: 1, Offset: 0, Filter: 
Page: 1, Offset: 0, Filter: 
Page: 1, Offset: 0, Filter: 
Page: 1, Offset: 0, Filter: 
Page: 1, Offset: 0, Filter: 
Page: 1, Offset: 0, Filter: 
Page: 1, Offset: 0, Filter: 
Page: 1, Offset: 0, Filter: 
Page: 2, Offset: 5, Filter: 
Page: 1, Offset: 0, Filter: 
Page: 2, Offset: 5, Filter: 
Page: 3, Offset: 10, Filter: 
Page: 4, Offset: 15, Filter: 
Page: 1, Offset: 0, Filter: 
Page: 2, Offset: 5, Filter: 
Page: 1, Offset: 0, Filter: 
Page: 1, Offset: 0, Filter: 
Page: 2, Offset: 5, Filter: 
Page: 3, Offset: 10, Filter: 
Page: 1, Offset: 0, Filter: 
Page: 2, Offset: 5, Filter: 
Page: 3, Offset: 10, Filter: 
Page: 4, Offset: 15, Filter: 
Page: 5, Offset: 20, Filter: 
Page: 6, Offset: 25, Filter: 
Page: 1, Offset: 0, Filter: 
Page: 2, Offset: 5, Filter: 
Page: 1, Offset: 0, Filter: random_message
Page: 1, Offset: 0, Filter: confession
Page: 1, Offset: 0, Filter: questions
Page: 1, Offset: 0, Filter: 
Page: 1, Offset: 0, Filter: random_message
Page: 1, Offset: 0, Filter: rants
Page: 1, Offset: 0, Filter: confession
Page: 1, Offset: 0, Filter: questions
Page: 1, Offset: 0, Filter: lost_and_found
Page: 1, Offset: 0, Filter: lost_and_found
Page: 1, Offset: 0, Filter: lf_classmates
Page: 1, Offset: 0, Filter: questions
Page: 1, Offset: 0, Filter: confession
Page: 1, Offset: 0, Filter: rants
Page: 1, Offset: 0, Filter: random_message
Page: 1, Offset: 0, Filter: random_message
Page: 1, Offset: 0, Filter: questions
Page: 1, Offset: 0, Filter: lf_classmates
Page: 1, Offset: 0, Filter: lost_and_found
Page: 1, Offset: 0, Filter: lf_classmates
Page: 1, Offset: 0, Filter: questions
Page: 1, Offset: 0, Filter: rants
Page: 1, Offset: 0, Filter: random_message
Page: 1, Offset: 0, Filter: 
Page: 2, Offset: 5, Filter: 
Page: 1, Offset: 0, Filter: 
Page: 1, Offset: 0, Filter: 
Page: 1, Offset: 0, Filter: 
Page: 1, Offset: 0, Filter: 
Page: 1, Offset: 0, Filter: 
Page: 1, Offset: 0, Filter: 
Page: 1, Offset: 0, Filter: 
Page: 1, Offset: 0, Filter: 
Page: 1, Offset: 0, Filter: 
Page: 1, Offset: 0, Filter: 
Page: 1, Offset: 0, Filter: 
Page: 1, Offset: 0, Filter: 
Page: 1, Offset: 0, Filter: 
Page: 1, Offset: 0, Filter: 
Page: 1, Offset: 0, Filter: 
Page: 1, Offset: 0, Filter: 
Page: 1, Offset: 0, Filter: 
Page: 1, Offset: 0, Filter: 
Page: 1, Offset: 0, Filter: 
Page: 1, Offset: 0, Filter: 
Page: 1, Offset: 0, Filter: 
Page: 1, Offset: 0, Filter: 
Page: 1, Offset: 0, Filter: 
Page: 1, Offset: 0, Filter: 
Page: 1, Offset: 0, Filter: 
Page: 1, Offset: 0, Filter: 
Page: 1, Offset: 0, Filter: 
Page: 1, Offset: 0, Filter: 
Page: 1, Offset: 0, Filter: 
Page: 1, Offset: 0, Filter: 
Page: 1, Offset: 0, Filter: 
Page: 1, Offset: 0, Filter: 
Page: 1, Offset: 0, Filter: 
Page: 1, Offset: 0, Filter: 
Page: 1, Offset: 0, Filter: 
Page: 1, Offset: 0, Filter: 
Page: 1, Offset: 0, Filter: 
Page: 1, Offset: 0, Filter: 
Page: 1, Offset: 0, Filter: 
Page: 1, Offset: 0, Filter: 
Page: 1, Offset: 0, Filter: 
Page: 1, Offset: 0, Filter: 
Page: 1, Offset: 0, Filter: 
Page: 1, Offset: 0, Filter: 
Page: 1, Offset: 0, Filter: 
Page: 1, Offset: 0, Filter: 
Page: 1, Offset: 0, Filter: 
Page: 1, Offset: 0, Filter: 
Page: 1, Offset: 0, Filter: 
Page: 1, Offset: 0, Filter: 
Page: 1, Offset: 0, Filter: 
Page: 1, Offset: 0, Filter: 
Page: 2, Offset: 5, Filter: 
Page: 3, Offset: 10, Filter: 
Page: 4, Offset: 15, Filter: 
Page: 5, Offset: 20, Filter: 
Page: 6, Offset: 25, Filter: 
Page: 1, Offset: 0, Filter: 
Page: 2, Offset: 5, Filter: 
Page: 3, Offset: 10, Filter: 
Page: 4, Offset: 15, Filter: 
Page: 1, Offset: 0, Filter: lost_and_found
Page: 1, Offset: 0, Filter: random_message
Page: 1, Offset: 0, Filter: 
Page: 2, Offset: 5, Filter: 
Page: 1, Offset: 0, Filter: 
Page: 1, Offset: 0, Filter: random_message
Page: 1, Offset: 0, Filter: 
Page: 1, Offset: 0, Filter: random_message
Page: 1, Offset: 0, Filter: rants
Page: 1, Offset: 0, Filter: rants
Page: 1, Offset: 0, Filter: confession
Page: 1, Offset: 0, Filter: rants
Page: 1, Offset: 0, Filter: confession
Page: 1, Offset: 0, Filter: questions
Page: 1, Offset: 0, Filter: lost_and_found
Page: 1, Offset: 0, Filter: lf_classmates
Page: 1, Offset: 0, Filter: questions
Page: 1, Offset: 0, Filter: confession
Page: 1, Offset: 0, Filter: lf_classmates
Page: 1, Offset: 0, Filter: lost_and_found
Page: 1, Offset: 0, Filter: lf_classmates
Page: 1, Offset: 0, Filter: 
Page: 1, Offset: 0, Filter: 
Page: 1, Offset: 0, Filter: 
Page: 1, Offset: 0, Filter: 
Page: 1, Offset: 0, Filter: 
Page: 1, Offset: 0, Filter: 
Page: 1, Offset: 0, Filter: 
Page: 1, Offset: 0, Filter: 
Page: 1, Offset: 0, Filter: 
Page: 1, Offset: 0, Filter: 
Page: 1, Offset: 0, Filter: 
Page: 1, Offset: 0, Filter: 
Page: 1, Offset: 0, Filter: 
Page: 1, Offset: 0, Filter: 
Page: 1, Offset: 0, Filter: 
Page: 1, Offset: 0, Filter: 
Page: 1, Offset: 0, Filter: 
Page: 1, Offset: 0, Filter: 
Page: 1, Offset: 0, Filter: 
Page: 1, Offset: 0, Filter: 
Page: 1, Offset: 0, Filter: 
Page: 1, Offset: 0, Filter: 
Page: 1, Offset: 0, Filter: 
Page: 1, Offset: 0, Filter: 
Page: 1, Offset: 0, Filter: 
Page: 1, Offset: 0, Filter: 
Page: 1, Offset: 0, Filter: 
Page: 1, Offset: 0, Filter: 
Page: 1, Offset: 0, Filter: 
Page: 1, Offset: 0, Filter: 
Page: 1, Offset: 0, Filter: 
Page: 1, Offset: 0, Filter: 
Page: 1, Offset: 0, Filter: 
Page: 1, Offset: 0, Filter: 
Page: 1, Offset: 0, Filter: 
Page: 1, Offset: 0, Filter: 
Page: 1, Offset: 0, Filter: 
Page: 1, Offset: 0, Filter: 
Page: 1, Offset: 0, Filter: 
Page: 1, Offset: 0, Filter: 
Page: 1, Offset: 0, Filter: 
Page: 1, Offset: 0, Filter: 
Page: 1, Offset: 0, Filter: 
Page: 1, Offset: 0, Filter: 
Page: 1, Offset: 0, Filter: 
Page: 1, Offset: 0, Filter: 
Page: 1, Offset: 0, Filter: 
Page: 1, Offset: 0, Filter: 
Page: 1, Offset: 0, Filter: questions
Page: 1, Offset: 0, Filter: 
Page: 2, Offset: 5, Filter: 
Page: 1, Offset: 0, Filter: 
Page: 2, Offset: 5, Filter: 
Page: 1, Offset: 0, Filter: 
Page: 1, Offset: 0, Filter: 
Page: 1, Offset: 0, Filter: 
Page: 1, Offset: 0, Filter: 
Page: 1, Offset: 0, Filter: 
Page: 1, Offset: 0, Filter: 
Page: 1, Offset: 0, Filter: 
Page: 1, Offset: 0, Filter: 
Page: 1, Offset: 0, Filter: 
Page: 1, Offset: 0, Filter: 
Page: 1, Offset: 0, Filter: 
Page: 1, Offset: 0, Filter: 
Page: 1, Offset: 0, Filter: 
Page: 1, Offset: 0, Filter: 
Page: 1, Offset: 0, Filter: 
Page: 1, Offset: 0, Filter: 
Page: 1, Offset: 0, Filter: 
Page: 2, Offset: 5, Filter: 
Page: 1, Offset: 0, Filter: 
Page: 1, Offset: 0, Filter: 
Page: 2, Offset: 5, Filter: 
Page: 1, Offset: 0, Filter: 
Page: 1, Offset: 0, Filter: 
Page: 2, Offset: 5, Filter: 
Page: 1, Offset: 0, Filter: 
Page: 1, Offset: 0, Filter: 
Page: 2, Offset: 5, Filter: 
Page: 3, Offset: 10, Filter: 
Page: 4, Offset: 15, Filter: 
Page: 5, Offset: 20, Filter: 
Page: 6, Offset: 25, Filter: 
Page: 1, Offset: 0, Filter: 
Page: 1, Offset: 0, Filter: 
Page: 1, Offset: 0, Filter: 
Page: 1, Offset: 0, Filter: 
Page: 2, Offset: 5, Filter: 
Page: 1, Offset: 0, Filter: 
Page: 1, Offset: 0, Filter: 
Page: 1, Offset: 0, Filter: 
Page: 1, Offset: 0, Filter: 
Page: 1, Offset: 0, Filter: 
Page: 1, Offset: 0, Filter: 
Page: 1, Offset: 0, Filter: 
Page: 2, Offset: 5, Filter: 
Page: 3, Offset: 10, Filter: 
Page: 1, Offset: 0, Filter: 
Page: 1, Offset: 0, Filter: 
Page: 1, Offset: 0, Filter: 
Page: 1, Offset: 0, Filter: 
Page: 1, Offset: 0, Filter: 
Page: 1, Offset: 0, Filter: 
Page: 1, Offset: 0, Filter: 
Page: 1, Offset: 0, Filter: 
Page: 2, Offset: 5, Filter: 
Page: 1, Offset: 0, Filter: 
Page: 2, Offset: 5, Filter: 
Page: 1, Offset: 0, Filter: 
Page: 1, Offset: 0, Filter: 
Page: 1, Offset: 0, Filter: 
Page: 1, Offset: 0, Filter: 
Page: 1, Offset: 0, Filter: 
Page: 1, Offset: 0, Filter: 
Page: 1, Offset: 0, Filter: 
Page: 1, Offset: 0, Filter: 
Page: 1, Offset: 0, Filter: 
Page: 1, Offset: 0, Filter: 
Page: 1, Offset: 0, Filter: 
Page: 1, Offset: 0, Filter: 
Page: 1, Offset: 0, Filter: 
Page: 1, Offset: 0, Filter: 
Page: 1, Offset: 0, Filter: 
Page: 1, Offset: 0, Filter: 
Page: 1, Offset: 0, Filter: 
Page: 1, Offset: 0, Filter: 
Page: 1, Offset: 0, Filter: 
Page: 1, Offset: 0, Filter: 
Page: 1, Offset: 0, Filter: 
Page: 1, Offset: 0, Filter: 
Page: 1, Offset: 0, Filter: 
Page: 1, Offset: 0, Filter: 
Page: 1, Offset: 0, Filter: 
Page: 1, Offset: 0, Filter: 
Page: 1, Offset: 0, Filter: 
Page: 1, Offset: 0, Filter: 
Page: 1, Offset: 0, Filter: 
Page: 1, Offset: 0, Filter: 
Page: 1, Offset: 0, Filter: 
Page: 1, Offset: 0, Filter: 
Page: 1, Offset: 0, Filter: 
Page: 1, Offset: 0, Filter: 
Page: 1, Offset: 0, Filter: 
Page: 1, Offset: 0, Filter: 
Page: 1, Offset: 0, Filter: 
Page: 2, Offset: 5, Filter: 
Page: 3, Offset: 10, Filter: 
Page: 4, Offset: 15, Filter: 
Page: 1, Offset: 0, Filter: lost_and_found
Page: 1, Offset: 0, Filter: random_message
Page: 1, Offset: 0, Filter: 
Page: 1, Offset: 0, Filter: 
Page: 2, Offset: 5, Filter: 
Page: 3, Offset: 10, Filter: 
Page: 4, Offset: 15, Filter: 
Page: 1, Offset: 0, Filter: 
Page: 1, Offset: 0, Filter: 
Page: 1, Offset: 0, Filter: 
Page: 1, Offset: 0, Filter: 
Page: 1, Offset: 0, Filter: 
Page: 1, Offset: 0, Filter: 
Page: 1, Offset: 0, Filter: 
Page: 1, Offset: 0, Filter: 
Page: 1, Offset: 0, Filter: 
Page: 1, Offset: 0, Filter: 
Page: 1, Offset: 0, Filter: 
Page: 1, Offset: 0, Filter: 
Page: 1, Offset: 0, Filter: 
Page: 1, Offset: 0, Filter: 
Page: 1, Offset: 0, Filter: 
Page: 1, Offset: 0, Filter: 
Page: 1, Offset: 0, Filter: 
Page: 1, Offset: 0, Filter: 
Page: 1, Offset: 0, Filter: 
Page: 1, Offset: 0, Filter: 
Page: 2, Offset: 5, Filter: 
Page: 1, Offset: 0, Filter: 
Page: 1, Offset: 0, Filter: 
Page: 1, Offset: 0, Filter: 
Page: 1, Offset: 0, Filter: 
Page: 1, Offset: 0, Filter: 
Page: 1, Offset: 0, Filter: 
Page: 1, Offset: 0, Filter: 
Page: 1, Offset: 0, Filter: 
Page: 1, Offset: 0, Filter: 
Page: 2, Offset: 5, Filter: 
Page: 3, Offset: 10, Filter: 
Page: 4, Offset: 15, Filter: 
Page: 1, Offset: 0, Filter: 
Page: 1, Offset: 0, Filter: lost_and_found
Page: 1, Offset: 0, Filter: lf_classmates
Page: 1, Offset: 0, Filter: questions
Page: 1, Offset: 0, Filter: confession
Page: 1, Offset: 0, Filter: 
Page: 2, Offset: 5, Filter: 
Page: 1, Offset: 0, Filter: 
Page: 2, Offset: 5, Filter: 
Page: 1, Offset: 0, Filter: 
Page: 2, Offset: 5, Filter: 
Page: 1, Offset: 0, Filter: 
Page: 1, Offset: 0, Filter: 
Page: 1, Offset: 0, Filter: 
Page: 2, Offset: 5, Filter: 
Page: 3, Offset: 10, Filter: 
Page: 4, Offset: 15, Filter: 
Page: 5, Offset: 20, Filter: 
Page: 6, Offset: 25, Filter: 
Page: 1, Offset: 0, Filter: 
Page: 2, Offset: 5, Filter: 
Page: 3, Offset: 10, Filter: 
Page: 4, Offset: 15, Filter: 
Page: 1, Offset: 0, Filter: 
Page: 1, Offset: 0, Filter: 
Page: 2, Offset: 5, Filter: 
Page: 3, Offset: 10, Filter: 
Page: 4, Offset: 15, Filter: 
Page: 5, Offset: 20, Filter: 
Page: 6, Offset: 25, Filter: 
Page: 1, Offset: 0, Filter: lost_and_found
Page: 1, Offset: 0, Filter: lf_classmates
Page: 1, Offset: 0, Filter: questions
Page: 1, Offset: 0, Filter: rants
Page: 1, Offset: 0, Filter: random_message
Page: 1, Offset: 0, Filter: confession
Page: 1, Offset: 0, Filter: 
Page: 2, Offset: 5, Filter: 
Page: 3, Offset: 10, Filter: 
Page: 4, Offset: 15, Filter: 
Page: 1, Offset: 0, Filter: 
Page: 1, Offset: 0, Filter: 
Page: 1, Offset: 0, Filter: 
Page: 1, Offset: 0, Filter: 
Page: 1, Offset: 0, Filter: 
Page: 1, Offset: 0, Filter: 
Page: 1, Offset: 0, Filter: 
Page: 1, Offset: 0, Filter: 
Page: 1, Offset: 0, Filter: 
Page: 1, Offset: 0, Filter: 
Page: 1, Offset: 0, Filter: 
Page: 1, Offset: 0, Filter: 
Page: 1, Offset: 0, Filter: 
Page: 1, Offset: 0, Filter: 
Page: 1, Offset: 0, Filter: 
Page: 1, Offset: 0, Filter: 
Page: 1, Offset: 0, Filter: 
Page: 1, Offset: 0, Filter: 
Page: 1, Offset: 0, Filter: 
Page: 1, Offset: 0, Filter: 
Page: 1, Offset: 0, Filter: 
Page: 1, Offset: 0, Filter: 
Page: 1, Offset: 0, Filter: 
Page: 1, Offset: 0, Filter: 
Page: 1, Offset: 0, Filter: 
Page: 1, Offset: 0, Filter: 
Page: 1, Offset: 0, Filter: 
Page: 1, Offset: 0, Filter: 
Page: 1, Offset: 0, Filter: 
Page: 1, Offset: 0, Filter: 
Page: 1, Offset: 0, Filter: 
Page: 1, Offset: 0, Filter: 
Page: 1, Offset: 0, Filter: 
Page: 1, Offset: 0, Filter: 
Page: 1, Offset: 0, Filter: 
Page: 1, Offset: 0, Filter: 
Page: 2, Offset: 5, Filter: 
Page: 1, Offset: 0, Filter: 
Page: 2, Offset: 5, Filter: 
Page: 1, Offset: 0, Filter: 
Page: 1, Offset: 0, Filter: 
Page: 1, Offset: 0, Filter: 
Page: 1, Offset: 0, Filter: 
Page: 1, Offset: 0, Filter: 
Page: 1, Offset: 0, Filter: 
Page: 1, Offset: 0, Filter: 
Page: 1, Offset: 0, Filter: 
Page: 1, Offset: 0, Filter: 
Page: 1, Offset: 0, Filter: 
Page: 1, Offset: 0, Filter: 
Page: 1, Offset: 0, Filter: 
Page: 1, Offset: 0, Filter: 
Page: 1, Offset: 0, Filter: 
Page: 1, Offset: 0, Filter: 
Page: 1, Offset: 0, Filter: 
Page: 1, Offset: 0, Filter: 
Page: 1, Offset: 0, Filter: 
Page: 1, Offset: 0, Filter: 
Page: 1, Offset: 0, Filter: 
Page: 1, Offset: 0, Filter: 
Page: 1, Offset: 0, Filter: 
Page: 1, Offset: 0, Filter: 
Page: 1, Offset: 0, Filter: 
Page: 1, Offset: 0, Filter: 
Page: 1, Offset: 0, Filter: 
Page: 1, Offset: 0, Filter: 
Page: 1, Offset: 0, Filter: 
Page: 2, Offset: 5, Filter: 
Page: 1, Offset: 0, Filter: 
Page: 1, Offset: 0, Filter: 
