Page: 1, Offset: 0, Filter: confession
Page: 1, Offset: 0, Filter: lost_and_found
Page: 2, Offset: 5, Filter: lost_and_found
Page: 1, Offset: 0, Filter: 
Page: 1, Offset: 0, Filter: 
Page: 1, Offset: 0, Filter: 
Page: 1, Offset: 0, Filter: 
Page: 2, Offset: 5, Filter: 
Page: 3, Offset: 10, Filter: 
Page: 1, Offset: 0, Filter: 
Page: 2, Offset: 5, Filter: 
Page: 1, Offset: 0, Filter: 
Page: 1, Offset: 0, Filter: 
Page: 1, Offset: 0, Filter: 
Page: 1, Offset: 0, Filter: 
Page: 1, Offset: 0, Filter: 
Page: 1, Offset: 0, Filter: 
Page: 1, Offset: 0, Filter: 
Page: 1, Offset: 0, Filter: 
Page: 1, Offset: 0, Filter: 
Page: 1, Offset: 0, Filter: 
Page: 1, Offset: 0, Filter: confession
Page: 2, Offset: 5, Filter: confession
Page: 3, Offset: 10, Filter: confession
Page: 4, Offset: 15, Filter: confession
Page: 1, Offset: 0, Filter: lost_and_found
Page: 2, Offset: 5, Filter: lost_and_found
Page: 1, Offset: 0, Filter: 
Page: 2, Offset: 5, Filter: 
Page: 3, Offset: 10, Filter: 
Page: 4, Offset: 15, Filter: 
Page: 5, Offset: 20, Filter: 
Page: 1, Offset: 0, Filter: confession
Page: 1, Offset: 0, Filter: lost_and_found
Page: 1, Offset: 0, Filter: lost_and_found
Page: 1, Offset: 0, Filter: confession
Page: 1, Offset: 0, Filter: questions
Page: 1, Offset: 0, Filter: lost_and_found
Page: 1, Offset: 0, Filter: rants
Page: 1, Offset: 0, Filter: random_message
Page: 2, Offset: 5, Filter: random_message
Page: 3, Offset: 10, Filter: random_message
Page: 4, Offset: 15, Filter: random_message
Page: 1, Offset: 0, Filter: confession
Page: 1, Offset: 0, Filter: lf_classmates
Page: 1, Offset: 0, Filter: confession
Page: 2, Offset: 5, Filter: confession
Page: 1, Offset: 0, Filter: random_message
Page: 2, Offset: 5, Filter: random_message
Page: 3, Offset: 10, Filter: random_message
Page: 4, Offset: 15, Filter: random_message
Page: 5, Offset: 20, Filter: random_message
Page: 1, Offset: 0, Filter: 
Page: 1, Offset: 0, Filter: 
Page: 1, Offset: 0, Filter: 
Page: 1, Offset: 0, Filter: 
Page: 1, Offset: 0, Filter: 
Page: 1, Offset: 0, Filter: 
Page: 1, Offset: 0, Filter: 
Page: 1, Offset: 0, Filter: 
Page: 1, Offset: 0, Filter: 
Page: 1, Offset: 0, Filter: 
Page: 1, Offset: 0, Filter: 
Page: 1, Offset: 0, Filter: 
Page: 1, Offset: 0, Filter: 
Page: 1, Offset: 0, Filter: 
Page: 1, Offset: 0, Filter: 
Page: 1, Offset: 0, Filter: 
Page: 1, Offset: 0, Filter: 
Page: 1, Offset: 0, Filter: 
Page: 1, Offset: 0, Filter: 
Page: 1, Offset: 0, Filter: 
Page: 1, Offset: 0, Filter: 
Page: 1, Offset: 0, Filter: 
Page: 1, Offset: 0, Filter: 
Page: 1, Offset: 0, Filter: 
Page: 1, Offset: 0, Filter: 
Page: 1, Offset: 0, Filter: 
Page: 1, Offset: 0, Filter: 
Page: 1, Offset: 0, Filter: 
Page: 1, Offset: 0, Filter: 
Page: 1, Offset: 0, Filter: 
Page: 1, Offset: 0, Filter: 
Page: 1, Offset: 0, Filter: 
Page: 1, Offset: 0, Filter: 
Page: 1, Offset: 0, Filter: 
Page: 1, Offset: 0, Filter: 
Page: 1, Offset: 0, Filter: 
Page: 1, Offset: 0, Filter: 
Page: 1, Offset: 0, Filter: 
Page: 1, Offset: 0, Filter: 
Page: 1, Offset: 0, Filter: 
Page: 1, Offset: 0, Filter: 
Page: 1, Offset: 0, Filter: 
Page: 1, Offset: 0, Filter: 
Page: 1, Offset: 0, Filter: 
Page: 1, Offset: 0, Filter: 
Page: 1, Offset: 0, Filter: 
Page: 1, Offset: 0, Filter: 
Page: 1, Offset: 0, Filter: 
Page: 1, Offset: 0, Filter: 
Page: 1, Offset: 0, Filter: 
Page: 1, Offset: 0, Filter: 
Page: 1, Offset: 0, Filter: 
Page: 1, Offset: 0, Filter: 
Page: 1, Offset: 0, Filter: 
Page: 2, Offset: 5, Filter: 
Page: 1, Offset: 0, Filter: confession
Page: 1, Offset: 0, Filter: questions
Page: 1, Offset: 0, Filter: 
Page: 1, Offset: 0, Filter: 
Page: 1, Offset: 0, Filter: 
Page: 1, Offset: 0, Filter: 
Page: 1, Offset: 0, Filter: 
Page: 2, Offset: 5, Filter: 
Page: 3, Offset: 10, Filter: 
Page: 1, Offset: 0, Filter: 
Page: 1, Offset: 0, Filter: 
Page: 1, Offset: 0, Filter: 
Page: 1, Offset: 0, Filter: 
Page: 1, Offset: 0, Filter: 
Page: 1, Offset: 0, Filter: 
Page: 1, Offset: 0, Filter: 
Page: 1, Offset: 0, Filter: 
Page: 1, Offset: 0, Filter: 
Page: 1, Offset: 0, Filter: 
Page: 1, Offset: 0, Filter: 
Page: 1, Offset: 0, Filter: 
Page: 1, Offset: 0, Filter: 
Page: 1, Offset: 0, Filter: 
Page: 1, Offset: 0, Filter: 
Page: 1, Offset: 0, Filter: 
Page: 1, Offset: 0, Filter: 
Page: 1, Offset: 0, Filter: 
Page: 1, Offset: 0, Filter: 
Page: 1, Offset: 0, Filter: 
Page: 1, Offset: 0, Filter: 
Page: 1, Offset: 0, Filter: 
Page: 1, Offset: 0, Filter: 
Page: 1, Offset: 0, Filter: 
Page: 1, Offset: 0, Filter: 
Page: 1, Offset: 0, Filter: 
Page: 1, Offset: 0, Filter: 
Page: 1, Offset: 0, Filter: 
Page: 1, Offset: 0, Filter: 
Page: 1, Offset: 0, Filter: 
Page: 1, Offset: 0, Filter: 
Page: 1, Offset: 0, Filter: 
Page: 1, Offset: 0, Filter: 
Page: 1, Offset: 0, Filter: 
Page: 1, Offset: 0, Filter: 
Page: 1, Offset: 0, Filter: 
Page: 1, Offset: 0, Filter: 
Page: 1, Offset: 0, Filter: 
Page: 1, Offset: 0, Filter: 
Page: 1, Offset: 0, Filter: 
Page: 1, Offset: 0, Filter: 
Page: 1, Offset: 0, Filter: 
Page: 1, Offset: 0, Filter: 
Page: 2, Offset: 5, Filter: 
Page: 3, Offset: 10, Filter: 
Page: 4, Offset: 15, Filter: 
Page: 5, Offset: 20, Filter: 
Page: 6, Offset: 25, Filter: 
Page: 7, Offset: 30, Filter: 
Page: 8, Offset: 35, Filter: 
Page: 9, Offset: 40, Filter: 
Page: 10, Offset: 45, Filter: 
Page: 11, Offset: 50, Filter: 
Page: 12, Offset: 55, Filter: 
Page: 1, Offset: 0, Filter: 
Page: 2, Offset: 5, Filter: 
Page: 3, Offset: 10, Filter: 
Page: 4, Offset: 15, Filter: 
Page: 5, Offset: 20, Filter: 
Page: 6, Offset: 25, Filter: 
Page: 7, Offset: 30, Filter: 
Page: 8, Offset: 35, Filter: 
Page: 9, Offset: 40, Filter: 
Page: 1, Offset: 0, Filter: lf_classmates
Page: 1, Offset: 0, Filter: questions
Page: 1, Offset: 0, Filter: lost_and_found
Page: 1, Offset: 0, Filter: lost_and_found
Page: 1, Offset: 0, Filter: confession
Page: 2, Offset: 5, Filter: confession
Page: 3, Offset: 10, Filter: confession
Page: 4, Offset: 15, Filter: confession
Page: 5, Offset: 20, Filter: confession
Page: 6, Offset: 25, Filter: confession
Page: 7, Offset: 30, Filter: confession
Page: 8, Offset: 35, Filter: confession
Page: 1, Offset: 0, Filter: 
Page: 1, Offset: 0, Filter: 
Page: 1, Offset: 0, Filter: 
Page: 1, Offset: 0, Filter: 
Page: 1, Offset: 0, Filter: 
Page: 1, Offset: 0, Filter: 
Page: 1, Offset: 0, Filter: 
Page: 1, Offset: 0, Filter: 
Page: 1, Offset: 0, Filter: 
Page: 1, Offset: 0, Filter: 
Page: 1, Offset: 0, Filter: 
Page: 1, Offset: 0, Filter: 
Page: 1, Offset: 0, Filter: 
Page: 1, Offset: 0, Filter: 
Page: 1, Offset: 0, Filter: 
Page: 1, Offset: 0, Filter: 
Page: 1, Offset: 0, Filter: 
Page: 1, Offset: 0, Filter: 
Page: 1, Offset: 0, Filter: 
Page: 1, Offset: 0, Filter: 
Page: 1, Offset: 0, Filter: 
Page: 1, Offset: 0, Filter: 
Page: 1, Offset: 0, Filter: 
Page: 1, Offset: 0, Filter: 
Page: 1, Offset: 0, Filter: 
Page: 1, Offset: 0, Filter: 
Page: 1, Offset: 0, Filter: 
Page: 2, Offset: 5, Filter: 
Page: 3, Offset: 10, Filter: 
Page: 4, Offset: 15, Filter: 
Page: 5, Offset: 20, Filter: 
Page: 6, Offset: 25, Filter: 
Page: 7, Offset: 30, Filter: 
Page: 1, Offset: 0, Filter: lost_and_found
Page: 2, Offset: 5, Filter: lost_and_found
Page: 3, Offset: 10, Filter: lost_and_found
Page: 4, Offset: 15, Filter: lost_and_found
Page: 5, Offset: 20, Filter: lost_and_found
Page: 1, Offset: 0, Filter: lf_classmates
Page: 1, Offset: 0, Filter: questions
Page: 1, Offset: 0, Filter: lf_classmates
Page: 1, Offset: 0, Filter: confession
Page: 2, Offset: 5, Filter: confession
Page: 1, Offset: 0, Filter: random_message
Page: 1, Offset: 0, Filter: 
Page: 2, Offset: 5, Filter: 
Page: 3, Offset: 10, Filter: 
Page: 4, Offset: 15, Filter: 
Page: 5, Offset: 20, Filter: 
Page: 6, Offset: 25, Filter: 
Page: 7, Offset: 30, Filter: 
Page: 8, Offset: 35, Filter: 
Page: 9, Offset: 40, Filter: 
Page: 10, Offset: 45, Filter: 
Page: 1, Offset: 0, Filter: 
Page: 1, Offset: 0, Filter: 
Page: 1, Offset: 0, Filter: 
Page: 1, Offset: 0, Filter: 
Page: 1, Offset: 0, Filter: 
Page: 1, Offset: 0, Filter: 
Page: 1, Offset: 0, Filter: 
Page: 1, Offset: 0, Filter: lost_and_found
Page: 1, Offset: 0, Filter: lost_and_found
Page: 1, Offset: 0, Filter: lost_and_found
Page: 1, Offset: 0, Filter: lost_and_found
Page: 1, Offset: 0, Filter: lf_classmates
Page: 1, Offset: 0, Filter: 
Page: 1, Offset: 0, Filter: 
Page: 1, Offset: 0, Filter: lost_and_found
Page: 1, Offset: 0, Filter: lf_classmates
Page: 1, Offset: 0, Filter: lost_and_found
Page: 2, Offset: 5, Filter: lost_and_found
Page: 3, Offset: 10, Filter: lost_and_found
Page: 4, Offset: 15, Filter: lost_and_found
Page: 1, Offset: 0, Filter: random_message
Page: 1, Offset: 0, Filter: 
Page: 1, Offset: 0, Filter: 
Page: 2, Offset: 5, Filter: 
Page: 1, Offset: 0, Filter: lf_classmates
Page: 1, Offset: 0, Filter: 
Page: 2, Offset: 5, Filter: 
Page: 3, Offset: 10, Filter: 
Page: 4, Offset: 15, Filter: 
Page: 5, Offset: 20, Filter: 
Page: 1, Offset: 0, Filter: lost_and_found
Page: 1, Offset: 0, Filter: confession
Page: 1, Offset: 0, Filter: lf_classmates
Page: 1, Offset: 0, Filter: rants
Page: 1, Offset: 0, Filter: random_message
Page: 1, Offset: 0, Filter: confession
Page: 1, Offset: 0, Filter: questions
Page: 1, Offset: 0, Filter: lost_and_found
Page: 1, Offset: 0, Filter: lost_and_found
Page: 1, Offset: 0, Filter: lf_classmates
Page: 1, Offset: 0, Filter: questions
Page: 1, Offset: 0, Filter: confession
Page: 1, Offset: 0, Filter: rants
Page: 1, Offset: 0, Filter: random_message
Page: 1, Offset: 0, Filter: 
Page: 2, Offset: 5, Filter: 
Page: 3, Offset: 10, Filter: 
Page: 4, Offset: 15, Filter: 
Page: 5, Offset: 20, Filter: 
Page: 6, Offset: 25, Filter: 
Page: 7, Offset: 30, Filter: 
Page: 8, Offset: 35, Filter: 
Page: 9, Offset: 40, Filter: 
Page: 10, Offset: 45, Filter: 
Page: 11, Offset: 50, Filter: 
Page: 12, Offset: 55, Filter: 
Page: 13, Offset: 60, Filter: 
Page: 14, Offset: 65, Filter: 
Page: 15, Offset: 70, Filter: 
Page: 16, Offset: 75, Filter: 
Page: 17, Offset: 80, Filter: 
Page: 18, Offset: 85, Filter: 
Page: 19, Offset: 90, Filter: 
Page: 20, Offset: 95, Filter: 
Page: 21, Offset: 100, Filter: 
Page: 22, Offset: 105, Filter: 
Page: 23, Offset: 110, Filter: 
Page: 24, Offset: 115, Filter: 
Page: 25, Offset: 120, Filter: 
Page: 26, Offset: 125, Filter: 
Page: 27, Offset: 130, Filter: 
Page: 28, Offset: 135, Filter: 
Page: 29, Offset: 140, Filter: 
Page: 30, Offset: 145, Filter: 
Page: 1, Offset: 0, Filter: 
Page: 1, Offset: 0, Filter: 
Page: 1, Offset: 0, Filter: 
Page: 1, Offset: 0, Filter: 
Page: 2, Offset: 5, Filter: 
Page: 3, Offset: 10, Filter: 
Page: 4, Offset: 15, Filter: 
Page: 5, Offset: 20, Filter: 
Page: 6, Offset: 25, Filter: 
Page: 7, Offset: 30, Filter: 
Page: 8, Offset: 35, Filter: 
Page: 1, Offset: 0, Filter: 
Page: 2, Offset: 5, Filter: 
Page: 3, Offset: 10, Filter: 
Page: 4, Offset: 15, Filter: 
Page: 5, Offset: 20, Filter: 
Page: 6, Offset: 25, Filter: 
Page: 7, Offset: 30, Filter: 
Page: 8, Offset: 35, Filter: 
Page: 1, Offset: 0, Filter: lf_classmates
Page: 1, Offset: 0, Filter: confession
Page: 1, Offset: 0, Filter: rants
Page: 1, Offset: 0, Filter: lost_and_found
Page: 2, Offset: 5, Filter: lost_and_found
Page: 1, Offset: 0, Filter: lost_and_found
Page: 1, Offset: 0, Filter: lf_classmates
Page: 1, Offset: 0, Filter: random_message
Page: 1, Offset: 0, Filter: lf_classmates
Page: 1, Offset: 0, Filter: 
Page: 2, Offset: 5, Filter: 
Page: 1, Offset: 0, Filter: 
Page: 1, Offset: 0, Filter: random_message
Page: 2, Offset: 5, Filter: random_message
Page: 3, Offset: 10, Filter: random_message
Page: 1, Offset: 0, Filter: rants
Page: 2, Offset: 5, Filter: rants
Page: 3, Offset: 10, Filter: rants
Page: 1, Offset: 0, Filter: lost_and_found
Page: 2, Offset: 5, Filter: lost_and_found
Page: 1, Offset: 0, Filter: lf_classmates
Page: 1, Offset: 0, Filter: questions
Page: 1, Offset: 0, Filter: confession
Page: 2, Offset: 5, Filter: confession
Page: 3, Offset: 10, Filter: confession
Page: 4, Offset: 15, Filter: confession
Page: 5, Offset: 20, Filter: confession
Page: 1, Offset: 0, Filter: confession
Page: 1, Offset: 0, Filter: rants
Page: 2, Offset: 5, Filter: rants
Page: 3, Offset: 10, Filter: rants
Page: 1, Offset: 0, Filter: 
Page: 1, Offset: 0, Filter: 
Page: 1, Offset: 0, Filter: 
Page: 1, Offset: 0, Filter: 
Page: 1, Offset: 0, Filter: questions
Page: 1, Offset: 0, Filter: lost_and_found
Page: 1, Offset: 0, Filter: lost_and_found
Page: 1, Offset: 0, Filter: lf_classmates
Page: 1, Offset: 0, Filter: confession
Page: 1, Offset: 0, Filter: rants
Page: 1, Offset: 0, Filter: lf_classmates
Page: 1, Offset: 0, Filter: lost_and_found
Page: 1, Offset: 0, Filter: questions
Page: 1, Offset: 0, Filter: 
Page: 1, Offset: 0, Filter: 
Page: 1, Offset: 0, Filter: 
Page: 1, Offset: 0, Filter: 
Page: 1, Offset: 0, Filter: 
Page: 1, Offset: 0, Filter: 
Page: 1, Offset: 0, Filter: 
Page: 1, Offset: 0, Filter: 
Page: 1, Offset: 0, Filter: 
Page: 1, Offset: 0, Filter: 
Page: 1, Offset: 0, Filter: 
Page: 1, Offset: 0, Filter: 
Page: 1, Offset: 0, Filter: 
Page: 1, Offset: 0, Filter: 
Page: 1, Offset: 0, Filter: 
Page: 1, Offset: 0, Filter: 
Page: 1, Offset: 0, Filter: 
Page: 1, Offset: 0, Filter: 
Page: 1, Offset: 0, Filter: 
Page: 1, Offset: 0, Filter: 
Page: 1, Offset: 0, Filter: lost_and_found
Page: 1, Offset: 0, Filter: questions
Page: 1, Offset: 0, Filter: questions
Page: 1, Offset: 0, Filter: 
Page: 1, Offset: 0, Filter: 
Page: 1, Offset: 0, Filter: 
Page: 1, Offset: 0, Filter: 
Page: 1, Offset: 0, Filter: 
Page: 1, Offset: 0, Filter: lf_classmates
Page: 1, Offset: 0, Filter: 
Page: 1, Offset: 0, Filter: questions
Page: 1, Offset: 0, Filter: lost_and_found
Page: 1, Offset: 0, Filter: 
Page: 1, Offset: 0, Filter: confession
Page: 1, Offset: 0, Filter: random_message
Page: 1, Offset: 0, Filter: 
Page: 1, Offset: 0, Filter: 
Page: 1, Offset: 0, Filter: rants
Page: 1, Offset: 0, Filter: lf_classmates
Page: 1, Offset: 0, Filter: 
Page: 1, Offset: 0, Filter: lf_classmates
Page: 1, Offset: 0, Filter: 
Page: 1, Offset: 0, Filter: 
Page: 1, Offset: 0, Filter: 
Page: 1, Offset: 0, Filter: 
